C:\USERS\SADGB\DOCUMENTS\VISUAL STUDIO 2012\PROJECTS\LAB1\LAB1\DEBUG\LAB1.PCH
C:\USERS\SADGB\DOCUMENTS\VISUAL STUDIO 2012\PROJECTS\LAB1\LAB1\DEBUG\STDAFX.OBJ
C:\USERS\SADGB\DOCUMENTS\VISUAL STUDIO 2012\PROJECTS\LAB1\LAB1\DEBUG\VC110.PDB
C:\USERS\SADGB\DOCUMENTS\VISUAL STUDIO 2012\PROJECTS\LAB1\LAB1\DEBUG\LAB1.OBJ
C:\USERS\SADGB\DOCUMENTS\VISUAL STUDIO 2012\PROJECTS\LAB1\DEBUG\LAB1.ILK
C:\USERS\SADGB\DOCUMENTS\VISUAL STUDIO 2012\PROJECTS\LAB1\DEBUG\LAB1.EXE
C:\USERS\SADGB\DOCUMENTS\VISUAL STUDIO 2012\PROJECTS\LAB1\DEBUG\LAB1.PDB
c:\Users\sadgb\documents\visual studio 2012\Projects\lab1\lab1\Debug\lab1.obj
c:\Users\sadgb\documents\visual studio 2012\Projects\lab1\lab1\Debug\stdafx.obj
c:\Users\sadgb\documents\visual studio 2012\Projects\lab1\lab1\Debug\cl.command.1.tlog
c:\Users\sadgb\documents\visual studio 2012\Projects\lab1\lab1\Debug\CL.read.1.tlog
c:\Users\sadgb\documents\visual studio 2012\Projects\lab1\lab1\Debug\CL.write.1.tlog
c:\Users\sadgb\documents\visual studio 2012\Projects\lab1\lab1\Debug\link-cvtres.read.1.tlog
c:\Users\sadgb\documents\visual studio 2012\Projects\lab1\lab1\Debug\link-cvtres.write.1.tlog
c:\Users\sadgb\documents\visual studio 2012\Projects\lab1\lab1\Debug\link-rc.read.1.tlog
c:\Users\sadgb\documents\visual studio 2012\Projects\lab1\lab1\Debug\link-rc.write.1.tlog
c:\Users\sadgb\documents\visual studio 2012\Projects\lab1\lab1\Debug\link.12924-cvtres.read.1.tlog
c:\Users\sadgb\documents\visual studio 2012\Projects\lab1\lab1\Debug\link.12924-cvtres.write.1.tlog
c:\Users\sadgb\documents\visual studio 2012\Projects\lab1\lab1\Debug\link.12924-rc.read.1.tlog
c:\Users\sadgb\documents\visual studio 2012\Projects\lab1\lab1\Debug\link.12924-rc.write.1.tlog
c:\Users\sadgb\documents\visual studio 2012\Projects\lab1\lab1\Debug\link.12924.read.1.tlog
c:\Users\sadgb\documents\visual studio 2012\Projects\lab1\lab1\Debug\link.12924.write.1.tlog
c:\Users\sadgb\documents\visual studio 2012\Projects\lab1\lab1\Debug\link.5580-cvtres.read.1.tlog
c:\Users\sadgb\documents\visual studio 2012\Projects\lab1\lab1\Debug\link.5580-cvtres.write.1.tlog
c:\Users\sadgb\documents\visual studio 2012\Projects\lab1\lab1\Debug\link.5580-rc.read.1.tlog
c:\Users\sadgb\documents\visual studio 2012\Projects\lab1\lab1\Debug\link.5580-rc.write.1.tlog
c:\Users\sadgb\documents\visual studio 2012\Projects\lab1\lab1\Debug\link.5580.read.1.tlog
c:\Users\sadgb\documents\visual studio 2012\Projects\lab1\lab1\Debug\link.5580.write.1.tlog
c:\Users\sadgb\documents\visual studio 2012\Projects\lab1\lab1\Debug\link.command.1.tlog
c:\Users\sadgb\documents\visual studio 2012\Projects\lab1\lab1\Debug\link.read.1.tlog
c:\Users\sadgb\documents\visual studio 2012\Projects\lab1\lab1\Debug\link.write.1.tlog
c:\Users\sadgb\documents\visual studio 2012\Projects\lab1\lab1\Debug\lab1.pch
c:\Users\sadgb\documents\visual studio 2012\Projects\lab1\lab1\Debug\vc110.idb
c:\Users\sadgb\documents\visual studio 2012\Projects\lab1\lab1\Debug\vc110.pdb
c:\users\sadgb\documents\visual studio 2012\Projects\lab1\Debug\lab1.pdb
c:\users\sadgb\documents\visual studio 2012\Projects\lab1\Debug\lab1.exe
c:\users\sadgb\documents\visual studio 2012\Projects\lab1\Debug\lab1.ilk
